{"uuid":"9c84fdac-5640-4577-8cb4-5cbdbc90abcc","historyId":"9258b0e40c388d4f7fe74deb51bee344","fullName":"To verify User Login Operation APIs.: Verify login feature for pet store with valid username and valid password","labels":[{"name":"host","value":"Sunnys-Mac.local"},{"name":"thread","value":"35253@Sunnys-Mac.local.main(1)"},{"name":"feature","value":"To verify User Login Operation APIs."},{"name":"story","value":"Verify login feature for pet store with valid username and valid password"},{"name":"suite","value":"To verify User Login Operation APIs."},{"name":"testClass","value":"Verify login feature for pet store with valid username and valid password"},{"name":"framework","value":"cucumber4jvm"},{"name":"language","value":"java"},{"name":"gherkin_uri","value":"file:///Users/sowmya/Downloads/SwaggerUITestProject/src/test/java/features/LoginNegativeTcs.feature"},{"name":"package","value":"src.test.java.features.LoginNegativeTcs_feature.To verify User Login Operation APIs."}],"links":[],"name":"Verify login feature for pet store with valid username and valid password","status":"failed","statusDetails":{"known":false,"muted":false,"flaky":false,"message":"1 expectation failed.\nExpected status code <400> but was <200>.\n","trace":"java.lang.AssertionError: 1 expectation failed.\nExpected status code <400> but was <200>.\n\n\tat java.base/jdk.internal.reflect.NativeConstructorAccessorImpl.newInstance0(Native Method)\n\tat java.base/jdk.internal.reflect.NativeConstructorAccessorImpl.newInstance(NativeConstructorAccessorImpl.java:77)\n\tat java.base/jdk.internal.reflect.DelegatingConstructorAccessorImpl.newInstance(DelegatingConstructorAccessorImpl.java:45)\n\tat java.base/java.lang.reflect.Constructor.newInstanceWithCaller(Constructor.java:499)\n\tat java.base/java.lang.reflect.Constructor.newInstance(Constructor.java:480)\n\tat org.codehaus.groovy.reflection.CachedConstructor.invoke(CachedConstructor.java:73)\n\tat org.codehaus.groovy.runtime.callsite.ConstructorSite$ConstructorSiteNoUnwrapNoCoerce.callConstructor(ConstructorSite.java:108)\n\tat org.codehaus.groovy.runtime.callsite.AbstractCallSite.callConstructor(AbstractCallSite.java:277)\n\tat io.restassured.internal.ResponseSpecificationImpl$HamcrestAssertionClosure.validate(ResponseSpecificationImpl.groovy:512)\n\tat io.restassured.internal.ResponseSpecificationImpl$HamcrestAssertionClosure$validate$1.call(Unknown Source)\n\tat io.restassured.internal.ResponseSpecificationImpl.validateResponseIfRequired(ResponseSpecificationImpl.groovy:696)\n\tat io.restassured.internal.ResponseSpecificationImpl.this$2$validateResponseIfRequired(ResponseSpecificationImpl.groovy)\n\tat java.base/jdk.internal.reflect.NativeMethodAccessorImpl.invoke0(Native Method)\n\tat java.base/jdk.internal.reflect.NativeMethodAccessorImpl.invoke(NativeMethodAccessorImpl.java:77)\n\tat java.base/jdk.internal.reflect.DelegatingMethodAccessorImpl.invoke(DelegatingMethodAccessorImpl.java:43)\n\tat java.base/java.lang.reflect.Method.invoke(Method.java:568)\n\tat org.codehaus.groovy.runtime.callsite.PlainObjectMetaMethodSite.doInvoke(PlainObjectMetaMethodSite.java:43)\n\tat org.codehaus.groovy.runtime.callsite.PogoMetaMethodSite$PogoCachedMethodSiteNoUnwrapNoCoerce.invoke(PogoMetaMethodSite.java:198)\n\tat org.codehaus.groovy.runtime.callsite.PogoMetaMethodSite.callCurrent(PogoMetaMethodSite.java:62)\n\tat org.codehaus.groovy.runtime.callsite.AbstractCallSite.callCurrent(AbstractCallSite.java:185)\n\tat io.restassured.internal.ResponseSpecificationImpl.statusCode(ResponseSpecificationImpl.groovy:135)\n\tat io.restassured.specification.ResponseSpecification$statusCode$0.callCurrent(Unknown Source)\n\tat io.restassured.internal.ResponseSpecificationImpl.statusCode(ResponseSpecificationImpl.groovy:143)\n\tat io.restassured.internal.ValidatableResponseOptionsImpl.statusCode(ValidatableResponseOptionsImpl.java:89)\n\tat stepdefinition.methods.LoginUserMethod.getCode(LoginUserMethod.java:44)\n\tat stepdefinition.steps.LoginUserCRUD.iGet(LoginUserCRUD.java:51)\n\tat ✽.I get \"400\"(file:///Users/sowmya/Downloads/SwaggerUITestProject/src/test/java/features/LoginNegativeTcs.feature:7)\n"},"stage":"finished","steps":[{"name":"Given  I want to login to an user account at \"/user/login\" with valid \"user875\" and valid \"invalid\"","status":"passed","statusDetails":{"known":false,"muted":false,"flaky":false},"stage":"finished","steps":[],"attachments":[],"parameters":[],"start":1671457334387,"stop":1671457334389},{"name":"When  I submit a get request","status":"passed","statusDetails":{"known":false,"muted":false,"flaky":false},"stage":"finished","steps":[],"attachments":[{"name":"Text output","source":"09f78962-d92b-4c3c-91df-8ef58cc31350-attachment.txt","type":"text/plain"}],"parameters":[],"start":1671457334389,"stop":1671457335872},{"name":"Then  I get \"400\"","status":"failed","statusDetails":{"known":false,"muted":false,"flaky":false,"message":"1 expectation failed.\nExpected status code <400> but was <200>.\n","trace":"java.lang.AssertionError: 1 expectation failed.\nExpected status code <400> but was <200>.\n\n\tat java.base/jdk.internal.reflect.NativeConstructorAccessorImpl.newInstance0(Native Method)\n\tat java.base/jdk.internal.reflect.NativeConstructorAccessorImpl.newInstance(NativeConstructorAccessorImpl.java:77)\n\tat java.base/jdk.internal.reflect.DelegatingConstructorAccessorImpl.newInstance(DelegatingConstructorAccessorImpl.java:45)\n\tat java.base/java.lang.reflect.Constructor.newInstanceWithCaller(Constructor.java:499)\n\tat java.base/java.lang.reflect.Constructor.newInstance(Constructor.java:480)\n\tat org.codehaus.groovy.reflection.CachedConstructor.invoke(CachedConstructor.java:73)\n\tat org.codehaus.groovy.runtime.callsite.ConstructorSite$ConstructorSiteNoUnwrapNoCoerce.callConstructor(ConstructorSite.java:108)\n\tat org.codehaus.groovy.runtime.callsite.AbstractCallSite.callConstructor(AbstractCallSite.java:277)\n\tat io.restassured.internal.ResponseSpecificationImpl$HamcrestAssertionClosure.validate(ResponseSpecificationImpl.groovy:512)\n\tat io.restassured.internal.ResponseSpecificationImpl$HamcrestAssertionClosure$validate$1.call(Unknown Source)\n\tat io.restassured.internal.ResponseSpecificationImpl.validateResponseIfRequired(ResponseSpecificationImpl.groovy:696)\n\tat io.restassured.internal.ResponseSpecificationImpl.this$2$validateResponseIfRequired(ResponseSpecificationImpl.groovy)\n\tat java.base/jdk.internal.reflect.NativeMethodAccessorImpl.invoke0(Native Method)\n\tat java.base/jdk.internal.reflect.NativeMethodAccessorImpl.invoke(NativeMethodAccessorImpl.java:77)\n\tat java.base/jdk.internal.reflect.DelegatingMethodAccessorImpl.invoke(DelegatingMethodAccessorImpl.java:43)\n\tat java.base/java.lang.reflect.Method.invoke(Method.java:568)\n\tat org.codehaus.groovy.runtime.callsite.PlainObjectMetaMethodSite.doInvoke(PlainObjectMetaMethodSite.java:43)\n\tat org.codehaus.groovy.runtime.callsite.PogoMetaMethodSite$PogoCachedMethodSiteNoUnwrapNoCoerce.invoke(PogoMetaMethodSite.java:198)\n\tat org.codehaus.groovy.runtime.callsite.PogoMetaMethodSite.callCurrent(PogoMetaMethodSite.java:62)\n\tat org.codehaus.groovy.runtime.callsite.AbstractCallSite.callCurrent(AbstractCallSite.java:185)\n\tat io.restassured.internal.ResponseSpecificationImpl.statusCode(ResponseSpecificationImpl.groovy:135)\n\tat io.restassured.specification.ResponseSpecification$statusCode$0.callCurrent(Unknown Source)\n\tat io.restassured.internal.ResponseSpecificationImpl.statusCode(ResponseSpecificationImpl.groovy:143)\n\tat io.restassured.internal.ValidatableResponseOptionsImpl.statusCode(ValidatableResponseOptionsImpl.java:89)\n\tat stepdefinition.methods.LoginUserMethod.getCode(LoginUserMethod.java:44)\n\tat stepdefinition.steps.LoginUserCRUD.iGet(LoginUserCRUD.java:51)\n\tat ✽.I get \"400\"(file:///Users/sowmya/Downloads/SwaggerUITestProject/src/test/java/features/LoginNegativeTcs.feature:7)\n"},"stage":"finished","steps":[],"attachments":[],"parameters":[],"start":1671457335872,"stop":1671457335874},{"name":"And  with valid response \"Invalid username/password supplied\"","status":"skipped","statusDetails":{"known":false,"muted":false,"flaky":false},"stage":"finished","steps":[],"attachments":[],"parameters":[],"start":1671457335875,"stop":1671457335875}],"attachments":[],"parameters":[{"name":"url","value":"/user/login"},{"name":"username","value":"user875"},{"name":"password","value":"invalid"},{"name":"status code","value":"400"},{"name":"message","value":"Invalid username/password supplied"}],"start":1671457332800,"stop":1671457335877}